\BOOKMARK [1][-]{Doc-Start}{\376\377\004\041\004\076\004\064\004\065\004\100\004\066\004\060\004\075\004\070\004\065}{}% 1
\BOOKMARK [1][-]{section.1}{\376\377\004\022\004\062\004\065\004\064\004\065\004\075\004\070\004\065}{}% 2
\BOOKMARK [1][-]{section.2}{\376\377\004\042\004\065\004\076\004\100\004\065\004\102\004\070\004\107\004\065\004\101\004\072\004\070\004\065\000\040\004\076\004\101\004\075\004\076\004\062\004\113}{}% 3
\BOOKMARK [2][-]{subsection.2.1}{\376\377\004\036\004\101\004\075\004\076\004\062\004\075\004\113\004\065\000\040\004\077\004\076\004\075\004\117\004\102\004\070\004\117\000\040\004\102\004\065\004\076\004\100\004\070\004\070\000\040\004\063\004\100\004\060\004\104\004\076\004\062}{section.2}% 4
\BOOKMARK [2][-]{subsection.2.2}{\376\377\004\041\004\062\004\117\004\067\004\114\000\040\004\074\004\065\004\066\004\064\004\103\000\040\004\101\004\073\004\103\004\107\004\060\004\071\004\075\004\113\004\074\004\070\000\040\004\061\004\073\004\103\004\066\004\064\004\060\004\075\004\070\004\117\004\074\004\070\000\040\004\070\000\040\004\115\004\073\004\065\004\072\004\102\004\100\004\070\004\107\004\065\004\101\004\072\004\070\004\074\004\070\000\040\004\101\004\076\004\077\004\100\004\076\004\102\004\070\004\062\004\073\004\065\004\075\004\070\004\117\004\074\004\070}{section.2}% 5
\BOOKMARK [2][-]{subsection.2.3}{\376\377\004\022\004\100\004\065\004\074\004\117\000\040\004\077\004\065\004\100\004\062\004\076\004\063\004\076\000\040\004\077\004\076\004\077\004\060\004\064\004\060\004\075\004\070\004\117}{section.2}% 6
\BOOKMARK [3][-]{subsubsection.2.3.1}{\376\377\004\042\004\065\004\076\004\100\004\065\004\074\004\060\000\040\0001\000.\000\040\004\036\000\040\004\062\004\100\004\065\004\074\004\065\004\075\004\070\000\040\004\077\004\065\004\100\004\062\004\076\004\063\004\076\000\040\004\077\004\076\004\077\004\060\004\064\004\060\004\075\004\070\004\117}{subsection.2.3}% 7
\BOOKMARK [3][-]{subsubsection.2.3.2}{\376\377\004\024\004\076\004\072\004\060\004\067\004\060\004\102\004\065\004\073\004\114\004\101\004\102\004\062\004\076}{subsection.2.3}% 8
\BOOKMARK [2][-]{subsection.2.4}{\376\377\004\055\004\104\004\104\004\065\004\072\004\102\004\070\004\062\004\075\004\076\004\065\000\040\004\101\004\076\004\077\004\100\004\076\004\102\004\070\004\062\004\073\004\065\004\075\004\070\004\065}{section.2}% 9
\BOOKMARK [2][-]{subsection.2.5}{\376\377\004\022\004\100\004\065\004\074\004\117\000\040\004\062\004\076\004\067\004\062\004\100\004\060\004\111\004\065\004\075\004\070\004\117}{section.2}% 10
\BOOKMARK [3][-]{subsubsection.2.5.1}{\376\377\004\042\004\065\004\076\004\100\004\065\004\074\004\060\000\040\0002\000.\000\040\004\036\000\040\004\062\004\100\004\065\004\074\004\065\004\075\004\070\000\040\004\062\004\076\004\067\004\062\004\100\004\060\004\111\004\065\004\075\004\070\004\117}{subsection.2.5}% 11
\BOOKMARK [3][-]{subsubsection.2.5.2}{\376\377\004\024\004\076\004\072\004\060\004\067\004\060\004\102\004\065\004\073\004\114\004\101\004\102\004\062\004\076}{subsection.2.5}% 12
\BOOKMARK [1][-]{section.3}{\376\377\004\040\004\065\004\060\004\073\004\070\004\067\004\060\004\106\004\070\004\117\000\040\004\077\004\100\004\076\004\063\004\100\004\060\004\074\004\074\004\113}{}% 13
\BOOKMARK [2][-]{subsection.3.1}{\376\377\004\037\004\065\004\100\004\065\004\074\004\065\004\075\004\075\004\113\004\065}{section.3}% 14
\BOOKMARK [3][-]{subsubsection.3.1.1}{\376\377\004\022\004\105\004\076\004\064\004\075\004\113\004\065\000\040\004\077\004\065\004\100\004\065\004\074\004\065\004\075\004\075\004\113\004\065}{subsection.3.1}% 15
\BOOKMARK [3][-]{subsubsection.3.1.2}{\376\377\004\022\004\113\004\105\004\076\004\064\004\075\004\113\004\065\000\040\004\077\004\065\004\100\004\065\004\074\004\065\004\075\004\075\004\113\004\065}{subsection.3.1}% 16
\BOOKMARK [3][-]{subsubsection.3.1.3}{\376\377\004\037\004\100\004\076\004\074\004\065\004\066\004\103\004\102\004\076\004\107\004\075\004\113\004\065\000\040\004\077\004\065\004\100\004\065\004\074\004\065\004\075\004\075\004\113\004\065}{subsection.3.1}% 17
\BOOKMARK [2][-]{subsection.3.2}{\376\377\004\041\004\072\004\100\004\070\004\077\004\102\000\040\000r\000a\000n\000d\000o\000m\000\137\000w\000a\000l\000k\000.\000m}{section.3}% 18
\BOOKMARK [2][-]{subsection.3.3}{\376\377\004\041\004\072\004\100\004\070\004\077\004\102\000\040\000r\000u\000n\000\137\000r\000a\000n\000d\000o\000m\000\137\000w\000a\000l\000k\000.\000m}{section.3}% 19
\BOOKMARK [1][-]{section.4}{\376\377\004\040\004\065\004\067\004\103\004\073\004\114\004\102\004\060\004\102\004\113\000\040\004\070\000\040\004\070\004\105\000\040\004\060\004\075\004\060\004\073\004\070\004\067}{}% 20
\BOOKMARK [2][-]{subsection.4.1}{\376\377\004\037\004\100\004\076\004\062\004\065\004\064\004\065\004\075\004\070\004\065\000\040\004\102\004\065\004\101\004\102\004\076\004\062}{section.4}% 21
\BOOKMARK [3][-]{subsubsection.4.1.1}{\376\377\004\037\004\100\004\060\004\072\004\102\004\070\004\107\004\065\004\101\004\072\004\070\004\071\000\040\004\077\004\100\004\070\004\074\004\065\004\100\000\040\0001}{subsection.4.1}% 22
\BOOKMARK [3][-]{subsubsection.4.1.2}{\376\377\004\037\004\100\004\060\004\072\004\102\004\070\004\107\004\065\004\101\004\072\004\070\004\071\000\040\004\077\004\100\004\070\004\074\004\065\004\100\000\040\0002}{subsection.4.1}% 23
\BOOKMARK [2][-]{subsection.4.2}{\376\377\004\042\004\065\004\076\004\100\004\065\004\102\004\070\004\107\004\065\004\101\004\072\004\070\004\065\000\040\004\100\004\060\004\101\004\107\004\065\004\102\004\113}{section.4}% 24
\BOOKMARK [3][-]{subsubsection.4.2.1}{\376\377\004\042\004\065\004\076\004\100\004\065\004\102\004\070\004\107\004\065\004\101\004\072\004\070\004\071\000\040\004\077\004\100\004\070\004\074\004\065\004\100\000\040\0001}{subsection.4.2}% 25
\BOOKMARK [3][-]{subsubsection.4.2.2}{\376\377\004\042\004\065\004\076\004\100\004\065\004\102\004\070\004\107\004\065\004\101\004\072\004\070\004\065\000\040\004\077\004\100\004\070\004\074\004\065\004\100\000\040\0002}{subsection.4.2}% 26
\BOOKMARK [1][-]{section.5}{\376\377\004\027\004\060\004\072\004\073\004\116\004\107\004\065\004\075\004\070\004\065}{}% 27
\BOOKMARK [1][-]{section.5}{\376\377\0006\000\040\004\041\004\077\004\070\004\101\004\076\004\072\000\040\004\073\004\070\004\102\004\065\004\100\004\060\004\102\004\103\004\100\004\113}{}% 28
